Arguments: 
  C:\Program Files\nodejs\node.exe C:\Program Files (x86)\Yarn\bin\yarn.js install

PATH: 
  C:\Program Files (x86)\Common Files\Oracle\Java\java8path;C:\Program Files (x86)\Common Files\Oracle\Java\javapath;C:\Windows\system32;C:\Windows;C:\Windows\System32\Wbem;C:\Windows\System32\WindowsPowerShell\v1.0\;C:\Windows\System32\OpenSSH\;C:\Program Files (x86)\NVIDIA Corporation\PhysX\Common;C:\Program Files\Git\cmd;C:\Program Files\Docker\Docker\resources\bin;C:\ProgramData\chocolatey\bin;C:\Program Files (x86)\Yarn\bin\;C:\Program Files\nodejs\;C:\Program Files\dotnet\;C:\Users\user\AppData\Local\Programs\Python\Python312\Scripts;C:\Users\user\AppData\Local\Programs\Python\Launcher\;C:\Users\user\AppData\Local\Microsoft\WindowsApps;C:\Program Files\JetBrains\CLion 2023.1.2\bin;;C:\Users\user\AppData\Local\Programs\Microsoft VS Code\bin;C:\Program Files\heroku\bin;C:\Users\user\AppData\Local\Yarn\bin;C:\Users\user\AppData\Roaming\npm;C:\Program Files\JetBrains\PyCharm 2023.3.4\bin;;C:\Users\user\AppData\Local\Programs\Python\Python312\Scripts;

Yarn version: 
  1.22.19

Node version: 
  20.11.0

Platform: 
  win32 x64

Trace: 
  Error: getaddrinfo ENOTFOUND registry.yarnpkg.com
      at GetAddrInfoReqWrap.onlookupall [as oncomplete] (node:dns:118:26)

npm manifest: 
  {
    "name": "backend-with-express",
    "version": "1.0.0",
    "description": "Backend application",
    "main": "app.js",
    "scripts": {
      "start": "node app.js",
      "dev": "nodemon app.js"
    },
    "keywords": [
      "NodeJS",
      "ExpressJS"
    ],
    "author": "Dilshodbek Gulomov",
    "license": "ISC",
    "dependencies": {
      "bcrypt": "^5.1.1",
      "cookie-parser": "^1.4.6",
      "cors": "^2.8.5",
      "dotenv": "^16.4.5",
      "express": "^4.19.2",
      "express-fileupload": "^1.5.1",
      "express-validator": "^7.1.0",
      "jsonwebtoken": "^9.0.2",
      "mongoose": "^8.5.1",
      "nodemailer": "^6.9.14",
      "uuid": "^10.0.0"
    },
    "devDependencies": {
      "nodemon": "^3.1.4"
    }
  }

yarn manifest: 
  No manifest

Lockfile: 
  No lockfile
